TN:
SF:src/BettingV2.sol
FN:74,BettingV2.initialize
FNDA:0,BettingV2.initialize
DA:75,0
DA:76,0
DA:77,0
DA:78,0
DA:79,0
DA:80,0
DA:81,0
DA:82,0
DA:83,0
DA:84,0
FN:87,BettingV2.placeSingleBet
FNDA:2,BettingV2.placeSingleBet
DA:88,2
BRDA:88,0,0,1
BRDA:88,0,1,1
DA:89,1
BRDA:89,1,0,1
BRDA:89,1,1,1
DA:90,1
DA:93,1
DA:94,1
BRDA:94,2,0,-
BRDA:94,2,1,1
DA:99,1
DA:112,1
DA:113,1
FN:116,BettingV2.placeOutrightBet
FNDA:0,BettingV2.placeOutrightBet
DA:117,0
BRDA:117,3,0,-
BRDA:117,3,1,-
DA:118,0
BRDA:118,4,0,-
BRDA:118,4,1,-
DA:119,0
DA:122,0
DA:123,0
BRDA:123,5,0,-
BRDA:123,5,1,-
DA:128,0
DA:129,0
DA:130,0
FN:133,BettingV2.settle
FNDA:0,BettingV2.settle
DA:134,0
BRDA:134,6,0,-
BRDA:134,6,1,-
DA:135,0
DA:136,0
DA:137,0
BRDA:137,7,0,-
BRDA:137,7,1,-
DA:138,0
DA:141,0
DA:142,0
DA:144,0
DA:145,0
DA:154,0
BRDA:154,8,0,-
BRDA:154,8,1,-
DA:158,0
DA:159,0
FN:163,BettingV2.reject
FNDA:0,BettingV2.reject
DA:164,0
BRDA:164,9,0,-
BRDA:164,9,1,-
DA:165,0
DA:166,0
DA:168,0
BRDA:168,10,0,-
BRDA:168,10,1,-
DA:169,0
DA:172,0
BRDA:172,11,0,-
BRDA:172,11,1,-
DA:176,0
DA:177,0
FN:181,BettingV2.deposit
FNDA:0,BettingV2.deposit
DA:182,0
BRDA:182,12,0,-
BRDA:182,12,1,-
DA:183,0
BRDA:183,13,0,-
BRDA:183,13,1,-
FN:189,BettingV2.withdraw
FNDA:0,BettingV2.withdraw
DA:190,0
BRDA:190,14,0,-
BRDA:190,14,1,-
DA:191,0
BRDA:191,15,0,-
BRDA:191,15,1,-
FN:197,BettingV2.setPayment
FNDA:0,BettingV2.setPayment
DA:198,0
FN:201,BettingV2.setTransferer
FNDA:0,BettingV2.setTransferer
DA:202,0
FN:205,BettingV2.setSettler
FNDA:0,BettingV2.setSettler
DA:206,0
FN:209,BettingV2.setRejecter
FNDA:0,BettingV2.setRejecter
DA:210,0
FN:214,BettingV2.validateBroker
FNDA:0,BettingV2.validateBroker
DA:215,0
FN:218,BettingV2.setSettleEngine
FNDA:0,BettingV2.setSettleEngine
DA:219,0
FN:222,BettingV2._createCollectRequestDto
FNDA:1,BettingV2._createCollectRequestDto
DA:229,1
DA:230,1
DA:236,1
DA:237,1
BRDA:237,16,0,-
BRDA:237,16,1,-
DA:238,0
DA:239,0
BRDA:239,17,0,-
BRDA:239,17,1,-
DA:240,0
DA:243,0
DA:249,1
DA:256,1
FN:259,BettingV2._createRejectPaymentRequestDto
FNDA:0,BettingV2._createRejectPaymentRequestDto
DA:260,0
DA:261,0
DA:267,0
DA:268,0
BRDA:268,18,0,-
BRDA:268,18,1,-
DA:269,0
DA:270,0
BRDA:270,19,0,-
BRDA:270,19,1,-
DA:271,0
DA:274,0
DA:280,0
DA:287,0
FN:290,BettingV2._createSettlePaymentRequestDto
FNDA:0,BettingV2._createSettlePaymentRequestDto
DA:291,0
DA:292,0
DA:293,0
DA:295,0
BRDA:294,20,0,-
BRDA:294,20,1,-
DA:297,0
DA:298,0
BRDA:298,21,0,-
BRDA:298,21,1,-
DA:299,0
DA:300,0
DA:302,0
DA:303,0
DA:306,0
DA:307,0
BRDA:307,22,0,-
BRDA:307,22,1,-
DA:308,0
DA:309,0
DA:314,0
DA:320,0
DA:321,0
BRDA:321,23,0,-
BRDA:321,23,1,-
DA:322,0
DA:328,0
DA:336,0
FNF:16
FNH:2
LF:96
LH:14
BRF:48
BRH:5
end_of_record
TN:
SF:src/OracleV1.sol
FN:47,OracleV1.initialize
FNDA:0,OracleV1.initialize
DA:48,0
DA:49,0
DA:50,0
DA:53,0
DA:56,0
DA:59,0
FN:66,OracleV1.uploadEventResult
FNDA:0,OracleV1.uploadEventResult
DA:70,0
BRDA:70,0,0,-
BRDA:70,0,1,-
DA:74,0
BRDA:74,1,0,-
BRDA:74,1,1,-
DA:76,0
DA:77,0
BRDA:77,2,0,-
BRDA:77,2,1,-
DA:78,0
DA:79,0
BRDA:79,3,0,-
BRDA:79,3,1,-
DA:80,0
DA:81,0
BRDA:81,4,0,-
BRDA:81,4,1,-
DA:82,0
DA:85,0
DA:86,0
BRDA:86,5,0,-
BRDA:86,5,1,-
DA:87,0
DA:90,0
DA:91,0
FN:96,OracleV1.uploadOutrightResult
FNDA:0,OracleV1.uploadOutrightResult
DA:100,0
BRDA:100,6,0,-
BRDA:100,6,1,-
DA:104,0
BRDA:104,7,0,-
BRDA:104,7,1,-
DA:109,0
DA:110,0
BRDA:110,8,0,-
BRDA:110,8,1,-
DA:111,0
DA:114,0
DA:116,0
BRDA:116,9,0,-
BRDA:116,9,1,-
DA:117,0
DA:119,0
DA:120,0
FN:123,OracleV1.setEventResultEngine
FNDA:0,OracleV1.setEventResultEngine
DA:127,0
FN:130,OracleV1.setOutrightResultEngine
FNDA:0,OracleV1.setOutrightResultEngine
DA:134,0
FN:137,OracleV1.setUploader
FNDA:0,OracleV1.setUploader
DA:138,0
FN:141,OracleV1.getEventStatus
FNDA:0,OracleV1.getEventStatus
DA:146,0
DA:149,0
BRDA:149,10,0,-
BRDA:149,10,1,-
DA:150,0
BRDA:150,11,0,-
BRDA:150,11,1,-
DA:151,0
DA:152,0
BRDA:152,12,0,-
BRDA:152,12,1,-
DA:153,0
DA:154,0
BRDA:154,13,0,-
BRDA:154,13,1,-
DA:155,0
FN:159,OracleV1.getScore
FNDA:0,OracleV1.getScore
DA:165,0
DA:168,0
BRDA:168,14,0,-
BRDA:168,14,1,-
DA:169,0
BRDA:169,15,0,-
BRDA:169,15,1,-
DA:170,0
DA:171,0
DA:172,0
BRDA:172,16,0,-
BRDA:172,16,1,-
DA:173,0
DA:174,0
DA:180,0
BRDA:180,17,0,-
BRDA:180,17,1,-
DA:181,0
DA:182,0
FN:191,OracleV1.getResultHash
FNDA:0,OracleV1.getResultHash
DA:197,0
DA:200,0
BRDA:200,18,0,-
BRDA:200,18,1,-
DA:201,0
BRDA:201,19,0,-
BRDA:201,19,1,-
DA:202,0
DA:203,0
DA:208,0
BRDA:208,20,0,-
BRDA:208,20,1,-
DA:209,0
DA:210,0
DA:216,0
BRDA:216,21,0,-
BRDA:216,21,1,-
DA:217,0
DA:218,0
FN:227,OracleV1.getOutrightResult
FNDA:0,OracleV1.getOutrightResult
DA:236,0
DA:239,0
DA:241,0
BRDA:241,22,0,-
BRDA:241,22,1,-
DA:242,0
BRDA:242,23,0,-
BRDA:242,23,1,-
DA:243,0
DA:244,0
FN:248,OracleV1.getEventResultEngine
FNDA:0,OracleV1.getEventResultEngine
DA:251,0
FN:254,OracleV1.getOutrightResultEngine
FNDA:0,OracleV1.getOutrightResultEngine
DA:257,0
FN:260,OracleV1.getEventResultBytes
FNDA:0,OracleV1.getEventResultBytes
DA:263,0
DA:266,0
FN:269,OracleV1.getOutrightResultBytes
FNDA:0,OracleV1.getOutrightResultBytes
DA:272,0
DA:275,0
FN:278,OracleV1.getUploader
FNDA:0,OracleV1.getUploader
DA:279,0
FNF:15
FNH:0
LF:76
LH:0
BRF:48
BRH:0
end_of_record
TN:
SF:src/PaymentV1.sol
FN:36,PaymentV1.initialize
FNDA:0,PaymentV1.initialize
DA:37,0
DA:38,0
FN:41,PaymentV1.collect
FNDA:518,PaymentV1.collect
DA:42,518
BRDA:42,0,0,3
BRDA:42,0,1,515
DA:43,515
DA:44,1029
DA:45,1029
BRDA:45,1,0,-
BRDA:45,1,1,1028
DA:51,514
FN:54,PaymentV1.payout
FNDA:256,PaymentV1.payout
DA:55,256
BRDA:55,2,0,-
BRDA:55,2,1,256
DA:56,256
DA:57,512
DA:58,512
BRDA:58,3,0,-
BRDA:58,3,1,512
DA:64,256
FN:67,PaymentV1.transfer
FNDA:0,PaymentV1.transfer
DA:68,0
BRDA:68,4,0,-
BRDA:68,4,1,-
DA:69,0
BRDA:69,5,0,-
BRDA:69,5,1,-
DA:75,0
FN:78,PaymentV1.validateContract
FNDA:773,PaymentV1.validateContract
DA:79,773
FN:82,PaymentV1.getVersion
FNDA:0,PaymentV1.getVersion
DA:83,0
FNF:6
FNH:3
LF:17
LH:11
BRF:12
BRH:5
end_of_record
TN:
SF:src/handler/CorrectMapScoreHandler.sol
FN:13,CorrectMapScoreHandler.settleTicket
FNDA:12,CorrectMapScoreHandler.settleTicket
DA:14,12
DA:15,12
DA:16,12
DA:17,12
BRDA:17,0,0,8
BRDA:17,0,1,4
DA:18,8
DA:21,4
DA:28,4
BRDA:28,1,0,2
BRDA:28,1,1,2
DA:29,2
DA:31,2
FNF:1
FNH:1
LF:9
LH:9
BRF:4
BRH:4
end_of_record
TN:
SF:src/handler/FT1x2Handler.sol
FN:14,FT1x2Handler.settleTicket
FNDA:12,FT1x2Handler.settleTicket
DA:15,12
DA:16,12
DA:17,12
DA:18,12
BRDA:18,0,0,3
BRDA:18,0,1,9
DA:19,3
DA:22,9
DA:29,9
DA:30,9
DA:32,9
DA:33,9
DA:34,9
BRDA:34,1,0,3
BRDA:34,1,1,6
DA:35,3
DA:36,6
BRDA:36,2,0,3
BRDA:36,2,1,3
DA:37,3
DA:39,3
DA:42,9
BRDA:42,3,0,3
BRDA:42,3,1,6
DA:43,3
DA:45,6
FNF:1
FNH:1
LF:18
LH:18
BRF:8
BRH:8
end_of_record
TN:
SF:src/handler/FTCorrectScoreHandler.sol
FN:13,FTCorrectScoreHandler.settleTicket
FNDA:0,FTCorrectScoreHandler.settleTicket
DA:14,0
DA:15,0
DA:16,0
DA:17,0
BRDA:17,0,0,-
BRDA:17,0,1,-
DA:18,0
DA:21,0
DA:28,0
BRDA:28,1,0,-
BRDA:28,1,1,-
DA:29,0
DA:31,0
FNF:1
FNH:0
LF:9
LH:0
BRF:4
BRH:0
end_of_record
TN:
SF:src/handler/FTGameHandicapHandler.sol
FN:14,FTGameHandicapHandler.settleTicket
FNDA:10,FTGameHandicapHandler.settleTicket
DA:15,10
DA:16,10
DA:17,10
DA:18,10
BRDA:18,0,0,2
BRDA:18,0,1,8
DA:19,2
DA:22,8
DA:29,8
DA:30,8
DA:32,8
DA:34,8
DA:35,8
BRDA:35,1,0,2
BRDA:35,1,1,6
DA:36,2
DA:37,6
BRDA:37,2,0,4
BRDA:37,2,1,2
DA:38,4
DA:40,2
DA:43,6
DA:44,6
BRDA:44,3,0,1
BRDA:44,3,1,5
DA:45,1
DA:46,5
BRDA:46,4,0,2
BRDA:46,4,1,3
DA:47,2
DA:48,3
BRDA:48,5,0,2
BRDA:48,5,1,1
DA:49,2
DA:51,1
FNF:1
FNH:1
LF:23
LH:23
BRF:12
BRH:12
end_of_record
TN:
SF:src/handler/FTHandicapHandler.sol
FN:15,FTHandicapHandler.settleTicket
FNDA:12,FTHandicapHandler.settleTicket
DA:16,12
DA:17,12
DA:18,12
DA:19,12
BRDA:19,0,0,2
BRDA:19,0,1,10
DA:20,2
DA:23,10
DA:30,10
BRDA:30,1,0,10
BRDA:30,1,1,10
DA:31,10
DA:32,10
DA:35,10
DA:36,10
DA:38,10
DA:40,10
DA:41,10
BRDA:41,2,0,4
BRDA:41,2,1,6
DA:42,4
DA:43,6
BRDA:43,3,0,4
BRDA:43,3,1,2
DA:44,4
DA:46,2
DA:49,8
DA:50,8
BRDA:50,4,0,2
BRDA:50,4,1,6
DA:51,2
DA:52,6
BRDA:52,5,0,2
BRDA:52,5,1,4
DA:53,2
DA:54,4
BRDA:54,6,0,2
BRDA:54,6,1,2
DA:55,2
DA:57,2
FNF:1
FNH:1
LF:26
LH:26
BRF:14
BRH:14
end_of_record
TN:
SF:src/handler/FTMoneylineHandler.sol
FN:15,FTMoneylineHandler.settleTicket
FNDA:8,FTMoneylineHandler.settleTicket
DA:16,8
DA:17,8
DA:18,8
DA:19,8
BRDA:19,0,0,-
BRDA:19,0,1,8
DA:20,0
DA:23,8
DA:30,8
DA:31,8
DA:33,8
DA:34,8
DA:35,8
BRDA:35,1,0,4
BRDA:35,1,1,4
DA:36,4
DA:37,4
BRDA:37,2,0,4
BRDA:37,2,1,-
DA:38,4
DA:40,0
DA:43,8
BRDA:43,3,0,4
BRDA:43,3,1,4
DA:44,4
DA:46,4
FNF:1
FNH:1
LF:18
LH:16
BRF:8
BRH:6
end_of_record
TN:
SF:src/handler/FTOddEvenHandler.sol
FN:15,FTOddEvenHandler.settleTicket
FNDA:6,FTOddEvenHandler.settleTicket
DA:16,6
DA:17,6
DA:18,6
DA:19,6
BRDA:19,0,0,2
BRDA:19,0,1,4
DA:20,2
DA:23,4
DA:30,4
DA:31,4
DA:33,4
DA:34,4
DA:35,4
BRDA:35,1,0,2
BRDA:35,1,1,2
DA:36,2
DA:37,2
BRDA:37,2,0,2
BRDA:37,2,1,-
DA:38,2
DA:40,0
DA:43,4
BRDA:43,3,0,2
BRDA:43,3,1,2
DA:44,2
DA:46,2
FNF:1
FNH:1
LF:18
LH:17
BRF:8
BRH:7
end_of_record
TN:
SF:src/handler/FTOverUnderHandler.sol
FN:15,FTOverUnderHandler.settleTicket
FNDA:6,FTOverUnderHandler.settleTicket
DA:16,6
DA:17,6
DA:18,6
DA:19,6
BRDA:19,0,0,-
BRDA:19,0,1,6
DA:20,0
DA:23,6
DA:30,6
DA:31,6
DA:33,6
DA:34,6
DA:35,6
BRDA:35,1,0,-
BRDA:35,1,1,6
DA:36,0
DA:37,6
BRDA:37,2,0,4
BRDA:37,2,1,2
DA:38,4
DA:40,2
DA:43,4
DA:44,4
BRDA:44,3,0,1
BRDA:44,3,1,3
DA:45,1
DA:46,3
BRDA:46,4,0,1
BRDA:46,4,1,2
DA:47,1
DA:48,2
BRDA:48,5,0,1
BRDA:48,5,1,1
DA:49,1
DA:50,1
BRDA:50,6,0,-
BRDA:50,6,1,1
DA:51,0
DA:53,1
FNF:1
FNH:1
LF:25
LH:22
BRF:14
BRH:11
end_of_record
TN:
SF:src/handler/HT1x2Handler.sol
FN:15,HT1x2Handler.settleTicket
FNDA:3,HT1x2Handler.settleTicket
DA:16,3
DA:17,3
DA:18,3
DA:19,3
BRDA:19,0,0,-
BRDA:19,0,1,3
DA:20,0
DA:23,3
DA:30,3
DA:31,3
DA:33,3
DA:34,3
DA:35,3
BRDA:35,1,0,-
BRDA:35,1,1,3
DA:36,0
DA:37,3
BRDA:37,2,0,3
BRDA:37,2,1,-
DA:38,3
DA:40,0
DA:43,3
BRDA:43,3,0,1
BRDA:43,3,1,2
DA:44,1
DA:46,2
FNF:1
FNH:1
LF:18
LH:15
BRF:8
BRH:5
end_of_record
TN:
SF:src/handler/HTHandicapHandler.sol
FN:15,HTHandicapHandler.settleTicket
FNDA:8,HTHandicapHandler.settleTicket
DA:16,8
DA:17,8
DA:18,8
DA:19,8
BRDA:19,0,0,-
BRDA:19,0,1,8
DA:20,0
DA:23,8
DA:30,8
BRDA:30,1,0,8
BRDA:30,1,1,8
DA:31,8
DA:32,8
DA:35,8
DA:36,8
DA:38,8
DA:40,8
DA:41,8
BRDA:41,2,0,4
BRDA:41,2,1,4
DA:42,4
DA:43,4
BRDA:43,3,0,2
BRDA:43,3,1,2
DA:44,2
DA:46,2
DA:49,6
DA:50,6
BRDA:50,4,0,2
BRDA:50,4,1,4
DA:51,2
DA:52,4
BRDA:52,5,0,1
BRDA:52,5,1,3
DA:53,1
DA:54,3
BRDA:54,6,0,1
BRDA:54,6,1,2
DA:55,1
DA:56,2
BRDA:56,7,0,-
BRDA:56,7,1,2
DA:57,0
DA:59,2
FNF:1
FNH:1
LF:28
LH:26
BRF:16
BRH:14
end_of_record
TN:
SF:src/handler/HTMoneylineHandler.sol
FN:15,HTMoneylineHandler.settleTicket
FNDA:0,HTMoneylineHandler.settleTicket
DA:16,0
DA:17,0
DA:18,0
DA:19,0
BRDA:19,0,0,-
BRDA:19,0,1,-
DA:20,0
DA:23,0
DA:30,0
DA:31,0
DA:33,0
DA:34,0
DA:35,0
BRDA:35,1,0,-
BRDA:35,1,1,-
DA:36,0
DA:37,0
BRDA:37,2,0,-
BRDA:37,2,1,-
DA:38,0
DA:40,0
DA:43,0
BRDA:43,3,0,-
BRDA:43,3,1,-
DA:44,0
DA:46,0
FNF:1
FNH:0
LF:18
LH:0
BRF:8
BRH:0
end_of_record
TN:
SF:src/handler/HTOddEvenHandler.sol
FN:15,HTOddEvenHandler.settleTicket
FNDA:4,HTOddEvenHandler.settleTicket
DA:16,4
DA:17,4
DA:18,4
DA:19,4
BRDA:19,0,0,-
BRDA:19,0,1,4
DA:20,0
DA:23,4
DA:30,4
DA:31,4
DA:33,4
DA:34,4
DA:35,4
BRDA:35,1,0,2
BRDA:35,1,1,2
DA:36,2
DA:37,2
BRDA:37,2,0,2
BRDA:37,2,1,-
DA:38,2
DA:40,0
DA:43,4
BRDA:43,3,0,2
BRDA:43,3,1,2
DA:44,2
DA:46,2
FNF:1
FNH:1
LF:18
LH:16
BRF:8
BRH:6
end_of_record
TN:
SF:src/handler/HTOverUnderHandler.sol
FN:15,HTOverUnderHandler.settleTicket
FNDA:6,HTOverUnderHandler.settleTicket
DA:16,6
DA:17,6
DA:18,6
DA:19,6
BRDA:19,0,0,-
BRDA:19,0,1,6
DA:20,0
DA:23,6
DA:30,6
DA:31,6
DA:33,6
DA:34,6
DA:35,6
BRDA:35,1,0,-
BRDA:35,1,1,6
DA:36,0
DA:37,6
BRDA:37,2,0,4
BRDA:37,2,1,2
DA:38,4
DA:40,2
DA:43,4
DA:44,4
BRDA:44,3,0,1
BRDA:44,3,1,3
DA:45,1
DA:46,3
BRDA:46,4,0,1
BRDA:46,4,1,2
DA:47,1
DA:48,2
BRDA:48,5,0,1
BRDA:48,5,1,1
DA:49,1
DA:50,1
BRDA:50,6,0,-
BRDA:50,6,1,1
DA:51,0
DA:53,1
FNF:1
FNH:1
LF:25
LH:22
BRF:14
BRH:11
end_of_record
TN:
SF:src/handler/MapXMoneylineHandler.sol
FN:14,MapXMoneylineHandler.settleTicket
FNDA:8,MapXMoneylineHandler.settleTicket
DA:15,8
DA:16,8
DA:17,8
DA:18,8
BRDA:18,0,0,-
BRDA:18,0,1,8
DA:19,0
DA:22,8
DA:29,8
DA:30,8
DA:32,8
DA:33,8
DA:34,8
BRDA:34,1,0,4
BRDA:34,1,1,4
DA:35,4
DA:36,4
BRDA:36,2,0,4
BRDA:36,2,1,-
DA:37,4
DA:39,0
DA:42,8
BRDA:42,3,0,4
BRDA:42,3,1,4
DA:43,4
DA:45,4
FNF:1
FNH:1
LF:18
LH:16
BRF:8
BRH:6
end_of_record
TN:
SF:src/handler/MatchHandicapHandler.sol
FN:15,MatchHandicapHandler.settleTicket
FNDA:16,MatchHandicapHandler.settleTicket
DA:16,16
DA:17,16
DA:18,16
DA:19,16
BRDA:19,0,0,-
BRDA:19,0,1,16
DA:20,0
DA:23,16
DA:30,16
BRDA:30,1,0,16
BRDA:30,1,1,16
DA:31,16
DA:32,16
DA:35,16
DA:36,16
DA:38,16
DA:40,16
DA:41,16
BRDA:41,2,0,8
BRDA:41,2,1,8
DA:42,8
DA:43,8
BRDA:43,3,0,4
BRDA:43,3,1,4
DA:44,4
DA:46,4
DA:49,12
DA:50,12
BRDA:50,4,0,4
BRDA:50,4,1,8
DA:51,4
DA:52,8
BRDA:52,5,0,2
BRDA:52,5,1,6
DA:53,2
DA:54,6
BRDA:54,6,0,2
BRDA:54,6,1,4
DA:55,2
DA:56,4
BRDA:56,7,0,-
BRDA:56,7,1,4
DA:57,0
DA:59,4
FNF:1
FNH:1
LF:28
LH:26
BRF:16
BRH:14
end_of_record
TN:
SF:src/handler/MatchPointHandicapHandler.sol
FN:15,MatchPointHandicapHandler.settleTicket
FNDA:0,MatchPointHandicapHandler.settleTicket
DA:16,0
DA:17,0
DA:18,0
DA:19,0
BRDA:19,0,0,-
BRDA:19,0,1,-
DA:20,0
DA:23,0
DA:30,0
BRDA:30,1,0,-
BRDA:30,1,1,-
DA:31,0
DA:32,0
DA:35,0
DA:36,0
DA:38,0
DA:40,0
DA:41,0
BRDA:41,2,0,-
BRDA:41,2,1,-
DA:42,0
DA:43,0
BRDA:43,3,0,-
BRDA:43,3,1,-
DA:44,0
DA:46,0
DA:49,0
DA:50,0
BRDA:50,4,0,-
BRDA:50,4,1,-
DA:51,0
DA:52,0
BRDA:52,5,0,-
BRDA:52,5,1,-
DA:53,0
DA:54,0
BRDA:54,6,0,-
BRDA:54,6,1,-
DA:55,0
DA:56,0
BRDA:56,7,0,-
BRDA:56,7,1,-
DA:57,0
DA:59,0
FNF:1
FNH:0
LF:28
LH:0
BRF:16
BRH:0
end_of_record
TN:
SF:src/handler/MatchPointOddEvenHandler.sol
FN:15,MatchPointOddEvenHandler.settleTicket
FNDA:8,MatchPointOddEvenHandler.settleTicket
DA:16,8
DA:17,8
DA:18,8
DA:19,8
BRDA:19,0,0,-
BRDA:19,0,1,8
DA:20,0
DA:23,8
DA:30,8
DA:31,8
DA:33,8
DA:34,8
DA:35,8
BRDA:35,1,0,4
BRDA:35,1,1,4
DA:36,4
DA:37,4
BRDA:37,2,0,4
BRDA:37,2,1,-
DA:38,4
DA:40,0
DA:43,8
BRDA:43,3,0,4
BRDA:43,3,1,4
DA:44,4
DA:46,4
FNF:1
FNH:1
LF:18
LH:16
BRF:8
BRH:6
end_of_record
TN:
SF:src/handler/MatchPointOverUnderHandler.sol
FN:15,MatchPointOverUnderHandler.settleTicket
FNDA:12,MatchPointOverUnderHandler.settleTicket
DA:16,12
DA:17,12
DA:18,12
DA:19,12
BRDA:19,0,0,-
BRDA:19,0,1,12
DA:20,0
DA:23,12
DA:30,12
DA:31,12
DA:33,12
DA:34,12
DA:35,12
BRDA:35,1,0,-
BRDA:35,1,1,12
DA:36,0
DA:37,12
BRDA:37,2,0,8
BRDA:37,2,1,4
DA:38,8
DA:40,4
DA:43,8
DA:44,8
BRDA:44,3,0,2
BRDA:44,3,1,6
DA:45,2
DA:46,6
BRDA:46,4,0,2
BRDA:46,4,1,4
DA:47,2
DA:48,4
BRDA:48,5,0,2
BRDA:48,5,1,2
DA:49,2
DA:50,2
BRDA:50,6,0,-
BRDA:50,6,1,2
DA:51,0
DA:53,2
FNF:1
FNH:1
LF:25
LH:22
BRF:14
BRH:11
end_of_record
TN:
SF:src/handler/OutrightHandler.sol
FN:15,OutrightHandler.settleTicket
FNDA:0,OutrightHandler.settleTicket
DA:16,0
DA:17,0
DA:18,0
DA:20,0
BRDA:20,0,0,-
BRDA:20,0,1,-
DA:21,0
DA:22,0
BRDA:22,1,0,-
BRDA:22,1,1,-
DA:23,0
DA:25,0
FNF:1
FNH:0
LF:8
LH:0
BRF:4
BRH:0
end_of_record
TN:
SF:src/handler/QuarterHandicapHandler.sol
FN:15,QuarterHandicapHandler.settleTicket
FNDA:8,QuarterHandicapHandler.settleTicket
DA:16,8
DA:17,8
DA:18,8
DA:19,8
BRDA:19,0,0,-
BRDA:19,0,1,8
DA:20,0
DA:23,8
DA:30,8
DA:31,8
DA:33,8
DA:35,8
DA:36,8
BRDA:36,1,0,4
BRDA:36,1,1,4
DA:37,4
DA:38,4
BRDA:38,2,0,2
BRDA:38,2,1,2
DA:39,2
DA:41,2
DA:44,6
DA:45,6
BRDA:45,3,0,2
BRDA:45,3,1,4
DA:46,2
DA:47,4
BRDA:47,4,0,1
BRDA:47,4,1,3
DA:48,1
DA:49,3
BRDA:49,5,0,1
BRDA:49,5,1,2
DA:50,1
DA:51,2
BRDA:51,6,0,-
BRDA:51,6,1,2
DA:52,0
DA:54,2
FNF:1
FNH:1
LF:25
LH:23
BRF:14
BRH:12
end_of_record
TN:
SF:src/handler/QuarterMoneylineHandler.sol
FN:15,QuarterMoneylineHandler.settleTicket
FNDA:0,QuarterMoneylineHandler.settleTicket
DA:16,0
DA:17,0
DA:18,0
DA:19,0
BRDA:19,0,0,-
BRDA:19,0,1,-
DA:20,0
DA:23,0
DA:30,0
DA:31,0
DA:33,0
DA:34,0
DA:35,0
BRDA:35,1,0,-
BRDA:35,1,1,-
DA:36,0
DA:37,0
BRDA:37,2,0,-
BRDA:37,2,1,-
DA:38,0
DA:40,0
DA:43,0
BRDA:43,3,0,-
BRDA:43,3,1,-
DA:44,0
DA:46,0
FNF:1
FNH:0
LF:18
LH:0
BRF:8
BRH:0
end_of_record
TN:
SF:src/handler/QuarterOddEvenHandler.sol
FN:15,QuarterOddEvenHandler.settleTicket
FNDA:0,QuarterOddEvenHandler.settleTicket
DA:16,0
DA:17,0
DA:18,0
DA:19,0
BRDA:19,0,0,-
BRDA:19,0,1,-
DA:20,0
DA:23,0
DA:30,0
DA:31,0
DA:33,0
DA:34,0
DA:35,0
BRDA:35,1,0,-
BRDA:35,1,1,-
DA:36,0
DA:37,0
BRDA:37,2,0,-
BRDA:37,2,1,-
DA:38,0
DA:40,0
DA:43,0
BRDA:43,3,0,-
BRDA:43,3,1,-
DA:44,0
DA:46,0
FNF:1
FNH:0
LF:18
LH:0
BRF:8
BRH:0
end_of_record
TN:
SF:src/handler/QuarterOverUnderHandler.sol
FN:15,QuarterOverUnderHandler.settleTicket
FNDA:0,QuarterOverUnderHandler.settleTicket
DA:16,0
DA:17,0
DA:18,0
DA:19,0
BRDA:19,0,0,-
BRDA:19,0,1,-
DA:20,0
DA:23,0
DA:30,0
DA:31,0
DA:33,0
DA:34,0
DA:35,0
BRDA:35,1,0,-
BRDA:35,1,1,-
DA:36,0
DA:37,0
BRDA:37,2,0,-
BRDA:37,2,1,-
DA:38,0
DA:40,0
DA:43,0
DA:44,0
BRDA:44,3,0,-
BRDA:44,3,1,-
DA:45,0
DA:46,0
BRDA:46,4,0,-
BRDA:46,4,1,-
DA:47,0
DA:48,0
BRDA:48,5,0,-
BRDA:48,5,1,-
DA:49,0
DA:50,0
BRDA:50,6,0,-
BRDA:50,6,1,-
DA:51,0
DA:53,0
FNF:1
FNH:0
LF:25
LH:0
BRF:14
BRH:0
end_of_record
TN:
SF:src/lib/EnumerableSet.sol
FN:10,EnumerableSet._add
FNDA:0,EnumerableSet._add
DA:11,0
BRDA:11,0,0,-
BRDA:11,0,1,-
DA:12,0
DA:13,0
DA:14,0
DA:16,0
FN:20,EnumerableSet._remove
FNDA:0,EnumerableSet._remove
DA:21,0
DA:23,0
BRDA:23,1,0,-
BRDA:23,1,1,-
DA:24,0
DA:25,0
DA:27,0
BRDA:27,2,0,-
BRDA:27,2,1,-
DA:28,0
DA:30,0
DA:31,0
DA:34,0
DA:36,0
DA:38,0
DA:40,0
FN:44,EnumerableSet._contains
FNDA:0,EnumerableSet._contains
DA:45,0
FN:48,EnumerableSet._length
FNDA:0,EnumerableSet._length
DA:49,0
FN:52,EnumerableSet._at
FNDA:0,EnumerableSet._at
DA:53,0
FN:56,EnumerableSet._values
FNDA:0,EnumerableSet._values
DA:57,0
FN:64,EnumerableSet.add
FNDA:0,EnumerableSet.add
DA:65,0
FN:68,EnumerableSet.remove
FNDA:0,EnumerableSet.remove
DA:69,0
FN:72,EnumerableSet.contains
FNDA:0,EnumerableSet.contains
DA:73,0
FN:76,EnumerableSet.length
FNDA:0,EnumerableSet.length
DA:77,0
FN:80,EnumerableSet.at
FNDA:0,EnumerableSet.at
DA:81,0
FN:84,EnumerableSet.values
FNDA:0,EnumerableSet.values
DA:85,0
DA:86,0
DA:90,0
DA:93,0
FNF:12
FNH:0
LF:30
LH:0
BRF:6
BRH:0
end_of_record
TN:
SF:src/lib/PayoutCalculator.sol
FN:11,PayoutCalculator.covertFromDisplayForm
FNDA:1,PayoutCalculator.covertFromDisplayForm
DA:16,1
DA:17,1
BRDA:17,0,0,1
BRDA:17,0,1,-
DA:18,1
DA:19,1
DA:20,0
BRDA:20,1,0,-
BRDA:20,1,1,-
DA:21,0
DA:22,0
DA:23,0
DA:24,0
BRDA:24,2,0,-
BRDA:24,2,1,-
DA:25,0
DA:26,0
DA:27,0
BRDA:27,3,0,-
BRDA:27,3,1,-
DA:28,0
BRDA:28,4,0,-
BRDA:28,4,1,-
DA:29,0
DA:30,0
DA:31,0
DA:33,0
DA:34,0
DA:35,0
DA:37,0
BRDA:37,5,0,-
BRDA:37,5,1,-
DA:38,0
DA:39,0
FN:43,PayoutCalculator.getPayoutByTicketStatus
FNDA:0,PayoutCalculator.getPayoutByTicketStatus
DA:51,0
BRDA:51,6,0,-
BRDA:51,6,1,-
DA:52,0
DA:53,0
DA:54,0
BRDA:54,7,0,-
BRDA:54,7,1,-
DA:55,0
DA:57,0
BRDA:57,8,0,-
BRDA:57,8,1,-
DA:58,0
DA:59,0
DA:60,0
BRDA:60,9,0,-
BRDA:60,9,1,-
DA:61,0
DA:64,0
DA:65,0
BRDA:63,10,0,-
BRDA:63,10,1,-
DA:67,0
DA:68,0
DA:69,0
BRDA:69,11,0,-
BRDA:69,11,1,-
DA:70,0
DA:71,0
DA:72,0
BRDA:72,12,0,-
BRDA:72,12,1,-
DA:73,0
DA:75,0
BRDA:75,13,0,-
BRDA:75,13,1,-
DA:76,0
DA:77,0
BRDA:77,14,0,-
BRDA:77,14,1,-
DA:78,0
FNF:2
FNH:1
LF:45
LH:4
BRF:30
BRH:1
end_of_record
TN:
SF:src/lib/RefundChecker.sol
FN:19,RefundChecker.getIsRefund
FNDA:139,RefundChecker.getIsRefund
DA:26,139
DA:27,126
DA:28,126
BRDA:25,0,0,13
BRDA:25,0,1,126
DA:31,13
DA:35,126
DA:37,126
BRDA:37,1,0,-
BRDA:37,1,1,-
DA:38,0
DA:39,126
BRDA:39,2,0,-
BRDA:39,2,1,-
DA:40,0
DA:41,126
BRDA:41,3,0,-
BRDA:41,3,1,4
DA:42,4
DA:43,122
BRDA:43,4,0,-
BRDA:43,4,1,-
DA:44,0
DA:47,122
FN:50,RefundChecker.getBetTypeCategory
FNDA:126,RefundChecker.getBetTypeCategory
DA:56,126
DA:57,116
DA:58,112
DA:59,106
DA:60,97
DA:61,93
DA:62,85
DA:63,81
DA:64,77
DA:65,69
DA:66,61
DA:67,55
BRDA:55,5,0,75
BRDA:55,5,1,51
DA:70,75
DA:72,51
DA:73,43
DA:74,37
DA:75,33
DA:76,30
BRDA:71,6,0,25
BRDA:71,6,1,26
DA:79,25
DA:81,26
DA:82,18
DA:83,12
DA:84,8
BRDA:80,7,0,-
BRDA:80,7,1,-
DA:87,22
BRDA:87,8,0,22
BRDA:87,8,1,-
DA:88,22
DA:89,0
BRDA:89,9,0,-
BRDA:89,9,1,-
DA:90,0
DA:91,0
BRDA:91,10,0,-
BRDA:91,10,1,-
DA:92,0
DA:93,0
BRDA:93,11,0,-
BRDA:93,11,1,-
DA:94,0
DA:97,4
BRDA:96,12,0,4
BRDA:96,12,1,-
DA:99,4
DA:102,0
FNF:2
FNH:2
LF:48
LH:38
BRF:26
BRH:9
end_of_record
TN:
SF:src/lib/oracle/BytesEventMapV1.sol
FN:15,BytesEventMapV1.set
FNDA:0,BytesEventMapV1.set
DA:20,0
DA:21,0
FN:24,BytesEventMapV1.remove
FNDA:0,BytesEventMapV1.remove
DA:28,0
DA:29,0
FN:32,BytesEventMapV1.contains
FNDA:0,BytesEventMapV1.contains
DA:36,0
FN:39,BytesEventMapV1.length
FNDA:0,BytesEventMapV1.length
DA:42,0
FN:45,BytesEventMapV1.at
FNDA:0,BytesEventMapV1.at
DA:49,0
DA:50,0
FN:59,BytesEventMapV1.tryGet
FNDA:0,BytesEventMapV1.tryGet
DA:63,0
DA:64,0
BRDA:64,0,0,-
BRDA:64,0,1,-
DA:65,0
DA:67,0
FNF:6
FNH:0
LF:12
LH:0
BRF:2
BRH:0
end_of_record
TN:
SF:src/lib/oracle/BytesOutrightMapV1.sol
FN:15,BytesOutrightMapV1.set
FNDA:0,BytesOutrightMapV1.set
DA:20,0
DA:21,0
FN:24,BytesOutrightMapV1.remove
FNDA:0,BytesOutrightMapV1.remove
DA:28,0
DA:29,0
FN:32,BytesOutrightMapV1.contains
FNDA:0,BytesOutrightMapV1.contains
DA:36,0
FN:39,BytesOutrightMapV1.length
FNDA:0,BytesOutrightMapV1.length
DA:42,0
FN:45,BytesOutrightMapV1.at
FNDA:0,BytesOutrightMapV1.at
DA:49,0
DA:50,0
FN:59,BytesOutrightMapV1.tryGet
FNDA:0,BytesOutrightMapV1.tryGet
DA:63,0
DA:64,0
BRDA:64,0,0,-
BRDA:64,0,1,-
DA:65,0
DA:67,0
FNF:6
FNH:0
LF:12
LH:0
BRF:2
BRH:0
end_of_record
TN:
SF:src/lib/oracle/EventHandlerV1.sol
FN:10,EventHandlerV1.getScore
FNDA:0,EventHandlerV1.getScore
DA:15,0
DA:21,0
DA:22,0
DA:23,0
DA:24,0
DA:25,0
DA:26,0
BRDA:20,0,0,-
BRDA:20,0,1,-
DA:29,0
DA:30,0
DA:31,0
DA:35,0
DA:36,0
DA:37,0
DA:38,0
DA:39,0
BRDA:34,1,0,-
BRDA:34,1,1,-
DA:42,0
DA:43,0
DA:44,0
DA:48,0
DA:49,0
DA:50,0
DA:51,0
BRDA:47,2,0,-
BRDA:47,2,1,-
DA:54,0
DA:55,0
DA:56,0
FN:60,EventHandlerV1.getEventStatus
FNDA:0,EventHandlerV1.getEventStatus
DA:63,0
DA:67,0
FN:70,EventHandlerV1.getResultHash
FNDA:0,EventHandlerV1.getResultHash
DA:75,0
DA:76,0
FN:83,EventHandlerV1.getEventId
FNDA:0,EventHandlerV1.getEventId
DA:86,0
DA:91,0
FNF:4
FNH:0
LF:31
LH:0
BRF:6
BRH:0
end_of_record
TN:
SF:src/lib/oracle/EventHandlerV2.sol
FN:11,EventHandlerV2.getScore
FNDA:0,EventHandlerV2.getScore
DA:17,0
DA:23,0
DA:24,0
DA:25,0
DA:26,0
DA:27,0
DA:28,0
DA:29,0
BRDA:22,0,0,-
BRDA:22,0,1,-
DA:32,0
BRDA:32,1,0,-
BRDA:32,1,1,-
DA:34,0
DA:35,0
DA:36,0
BRDA:33,2,0,-
BRDA:33,2,1,-
DA:38,0
DA:39,0
DA:40,0
DA:44,0
DA:45,0
DA:46,0
DA:50,0
DA:51,0
DA:52,0
DA:53,0
DA:54,0
BRDA:49,3,0,-
BRDA:49,3,1,-
DA:57,0
DA:58,0
DA:59,0
DA:63,0
DA:64,0
DA:65,0
DA:66,0
BRDA:62,4,0,-
BRDA:62,4,1,-
DA:69,0
DA:70,0
DA:71,0
FN:75,EventHandlerV2.getEventStatus
FNDA:0,EventHandlerV2.getEventStatus
DA:78,0
DA:82,0
FN:85,EventHandlerV2.getResultHash
FNDA:0,EventHandlerV2.getResultHash
DA:91,0
DA:92,0
FN:99,EventHandlerV2.getEventId
FNDA:0,EventHandlerV2.getEventId
DA:102,0
DA:107,0
FNF:4
FNH:0
LF:39
LH:0
BRF:10
BRH:0
end_of_record
TN:
SF:src/lib/oracle/EventHandlerV3.sol
FN:14,EventHandlerV3.getScore
FNDA:0,EventHandlerV3.getScore
DA:20,0
DA:26,0
DA:27,0
DA:28,0
DA:29,0
DA:30,0
DA:31,0
DA:32,0
DA:33,0
DA:34,0
DA:35,0
DA:36,0
DA:37,0
BRDA:25,0,0,-
BRDA:25,0,1,-
DA:40,0
BRDA:40,1,0,-
BRDA:40,1,1,-
DA:42,0
DA:43,0
DA:44,0
DA:45,0
DA:46,0
DA:47,0
BRDA:41,2,0,-
BRDA:41,2,1,-
DA:49,0
DA:50,0
DA:51,0
DA:55,0
DA:56,0
DA:57,0
DA:61,0
DA:62,0
DA:63,0
DA:64,0
DA:65,0
BRDA:60,3,0,-
BRDA:60,3,1,-
DA:68,0
DA:69,0
DA:70,0
DA:74,0
DA:75,0
DA:76,0
DA:77,0
BRDA:73,4,0,-
BRDA:73,4,1,-
DA:80,0
DA:81,0
DA:82,0
DA:85,0
BRDA:85,5,0,-
BRDA:85,5,1,-
DA:87,0
DA:88,0
DA:89,0
FN:93,EventHandlerV3.getEventStatus
FNDA:0,EventHandlerV3.getEventStatus
DA:98,0
DA:103,0
BRDA:103,6,0,-
BRDA:103,6,1,-
DA:104,0
DA:105,0
BRDA:105,7,0,-
BRDA:105,7,1,-
DA:106,0
DA:108,0
BRDA:108,8,0,-
BRDA:108,8,1,-
DA:109,0
DA:112,0
FN:115,EventHandlerV3.getResultHash
FNDA:0,EventHandlerV3.getResultHash
DA:121,0
DA:122,0
FN:129,EventHandlerV3.getEventId
FNDA:0,EventHandlerV3.getEventId
DA:132,0
DA:137,0
FNF:4
FNH:0
LF:57
LH:0
BRF:18
BRH:0
end_of_record
TN:
SF:src/lib/oracle/OutrightHandlerV1.sol
FN:8,OutrightHandlerV1.getOutrightResult
FNDA:0,OutrightHandlerV1.getOutrightResult
DA:12,0
DA:17,0
DA:18,0
BRDA:18,0,0,-
BRDA:18,0,1,-
DA:19,0
DA:22,0
FN:25,OutrightHandlerV1.getLeagueId
FNDA:0,OutrightHandlerV1.getLeagueId
DA:28,0
DA:33,0
FNF:2
FNH:0
LF:7
LH:0
BRF:2
BRH:0
end_of_record
TN:
SF:src/proxy/ERC1967Proxy.sol
FN:13,ERC1967Proxy._implementation
FNDA:1549,ERC1967Proxy._implementation
DA:14,1549
FNF:1
FNH:1
LF:1
LH:1
BRF:0
BRH:0
end_of_record
TN:
SF:src/proxy/Ownable.sol
FN:9,Ownable.initialize
FNDA:0,Ownable.initialize
DA:10,0
DA:11,0
FN:14,Ownable._authorizeUpgrade
FNDA:0,Ownable._authorizeUpgrade
FNF:2
FNH:0
LF:2
LH:0
BRF:0
BRH:0
end_of_record
TN:
SF:test/token/TestERC20.sol
FN:14,TestERC20.mintTo
FNDA:0,TestERC20.mintTo
DA:15,0
FN:18,TestERC20.decimals
FNDA:0,TestERC20.decimals
DA:19,0
FNF:2
FNH:0
LF:2
LH:0
BRF:0
BRH:0
end_of_record
